<?xml version="1.0" encoding="UTF-8"?>
<!-- Generated by org.testng.reporters.JUnitXMLReporter -->
<testsuite ignored="2" hostname="DESKTOP-FJRQFLH" failures="0" tests="1" name="Default test" time="24.585" errors="0" timestamp="2024-09-12T17:42:58 IST">
  <testcase classname="com.mvn.MainTest" name="radioButtonDetails" time="14.489"/>
  <testcase classname="com.mvn.MainTest" name="checkboxDetails" time="0.0">
    <ignored/>
  </testcase> <!-- checkboxDetails -->
  <testcase classname="com.mvn.MainTest" name="textBoxDetails" time="0.0">
    <ignored/>
  </testcase> <!-- textBoxDetails -->
</testsuite> <!-- Default test -->
