<?xml version="1.0" encoding="UTF-8"?>
<testng-results ignored="0" total="1" passed="1" failed="0" skipped="0">
  <reporter-output>
  </reporter-output>
  <suite started-at="2024-09-20T17:55:16 IST" name="Default suite" finished-at="2024-09-20T17:55:31 IST" duration-ms="14096">
    <groups>
    </groups>
    <test started-at="2024-09-20T17:55:16 IST" name="Default test" finished-at="2024-09-20T17:55:31 IST" duration-ms="14096">
      <class name="com.mvn.MainTest">
        <test-method is-config="true" signature="beforeTest()[pri:0, instance:com.mvn.MainTest@304bb45b]" started-at="2024-09-20T17:55:16 IST" name="beforeTest" finished-at="2024-09-20T17:55:17 IST" duration-ms="19" status="PASS">
          <reporter-output>
          </reporter-output>
        </test-method> <!-- beforeTest -->
        <test-method is-config="true" signature="loadBrowser()[pri:0, instance:com.mvn.MainTest@304bb45b]" started-at="2024-09-20T17:55:17 IST" name="loadBrowser" finished-at="2024-09-20T17:55:26 IST" duration-ms="9159" status="PASS">
          <reporter-output>
          </reporter-output>
        </test-method> <!-- loadBrowser -->
        <test-method signature="browserWindowsDetails()[pri:10, instance:com.mvn.MainTest@304bb45b]" started-at="2024-09-20T17:55:26 IST" name="browserWindowsDetails" finished-at="2024-09-20T17:55:31 IST" duration-ms="4857" status="PASS">
          <reporter-output>
          </reporter-output>
        </test-method> <!-- browserWindowsDetails -->
      </class> <!-- com.mvn.MainTest -->
    </test> <!-- Default test -->
  </suite> <!-- Default suite -->
</testng-results>
